srun: Job step aborted: Waiting up to 32 seconds for job step to finish.
slurmstepd: error: *** STEP 46711810.0 ON hal0034 CANCELLED AT 2025-09-18T17:17:03 ***
slurmstepd: error: *** JOB 46711810 ON hal0034 CANCELLED AT 2025-09-18T17:17:03 ***
