/scratch/jlb638/conda_envs/deephands/lib/python3.11/site-packages/transformers/utils/hub.py:111: FutureWarning: Using `TRANSFORMERS_CACHE` is deprecated and will be removed in v5 of Transformers. Use `HF_HOME` instead.
  warnings.warn(
Traceback (most recent call last):
  File "/scratch/jlb638/conda_envs/deephands/lib/python3.11/site-packages/soundfile.py", line 181, in <module>
    import _soundfile_data  # ImportError if this doesn't exist
    ^^^^^^^^^^^^^^^^^^^^^^
ModuleNotFoundError: No module named '_soundfile_data'

During handling of the above exception, another exception occurred:

Traceback (most recent call last):
  File "/scratch/jlb638/conda_envs/deephands/lib/python3.11/site-packages/soundfile.py", line 190, in <module>
    raise OSError('sndfile library not found using ctypes.util.find_library')
OSError: sndfile library not found using ctypes.util.find_library

During handling of the above exception, another exception occurred:

Traceback (most recent call last):
  File "/cache/home/jlb638/Desktop/style-rl/tts_trans.py", line 2, in <module>
    from transformers import CsmForConditionalGeneration, AutoProcessor
  File "<frozen importlib._bootstrap>", line 1229, in _handle_fromlist
  File "/scratch/jlb638/conda_envs/deephands/lib/python3.11/site-packages/transformers/utils/import_utils.py", line 2302, in __getattr__
    module = self._get_module(self._class_to_module[name])
             ^^^^^^^^^^^^^^^^^^^^^^^^^^^^^^^^^^^^^^^^^^^^^
  File "/scratch/jlb638/conda_envs/deephands/lib/python3.11/site-packages/transformers/utils/import_utils.py", line 2332, in _get_module
    raise e
  File "/scratch/jlb638/conda_envs/deephands/lib/python3.11/site-packages/transformers/utils/import_utils.py", line 2330, in _get_module
    return importlib.import_module("." + module_name, self.__name__)
           ^^^^^^^^^^^^^^^^^^^^^^^^^^^^^^^^^^^^^^^^^^^^^^^^^^^^^^^^^
  File "/scratch/jlb638/conda_envs/deephands/lib/python3.11/importlib/__init__.py", line 126, in import_module
    return _bootstrap._gcd_import(name[level:], package, level)
           ^^^^^^^^^^^^^^^^^^^^^^^^^^^^^^^^^^^^^^^^^^^^^^^^^^^^
  File "/scratch/jlb638/conda_envs/deephands/lib/python3.11/site-packages/transformers/models/csm/modeling_csm.py", line 35, in <module>
    from ...modeling_layers import GradientCheckpointingLayer
  File "/scratch/jlb638/conda_envs/deephands/lib/python3.11/site-packages/transformers/modeling_layers.py", line 28, in <module>
    from .processing_utils import Unpack
  File "/scratch/jlb638/conda_envs/deephands/lib/python3.11/site-packages/transformers/processing_utils.py", line 34, in <module>
    from .audio_utils import load_audio
  File "/scratch/jlb638/conda_envs/deephands/lib/python3.11/site-packages/transformers/audio_utils.py", line 42, in <module>
    import soundfile as sf
  File "/scratch/jlb638/conda_envs/deephands/lib/python3.11/site-packages/soundfile.py", line 212, in <module>
    _snd = _ffi.dlopen(_explicit_libname)
           ^^^^^^^^^^^^^^^^^^^^^^^^^^^^^^
OSError: cannot load library 'libsndfile.so': libsndfile.so: cannot open shared object file: No such file or directory
srun: error: gpu014: task 0: Exited with exit code 1
