/umbc/rs/pi_donengel/users/jbaker15/style-rl/myenv/lib64/python3.9/site-packages/transformers/utils/hub.py:128: FutureWarning: Using `TRANSFORMERS_CACHE` is deprecated and will be removed in v5 of Transformers. Use `HF_HOME` instead.
  warnings.warn(
The cache for model files in Transformers v4.22.0 has been updated. Migrating your old cache. This is a one-time only operation. You can interrupt this and resume the migration later on by calling `transformers.utils.move_cache()`.
0it [00:00, ?it/s]0it [00:00, ?it/s]
Traceback (most recent call last):
  File "/umbc/rs/pi_donengel/users/jbaker15/style-rl/myenv/lib64/python3.9/site-packages/transformers/utils/import_utils.py", line 1778, in _get_module
    return importlib.import_module("." + module_name, self.__name__)
  File "/usr/lib64/python3.9/importlib/__init__.py", line 127, in import_module
    return _bootstrap._gcd_import(name[level:], package, level)
  File "<frozen importlib._bootstrap>", line 1030, in _gcd_import
  File "<frozen importlib._bootstrap>", line 1007, in _find_and_load
  File "<frozen importlib._bootstrap>", line 986, in _find_and_load_unlocked
  File "<frozen importlib._bootstrap>", line 680, in _load_unlocked
  File "<frozen importlib._bootstrap_external>", line 850, in exec_module
  File "<frozen importlib._bootstrap>", line 228, in _call_with_frames_removed
  File "/umbc/rs/pi_donengel/users/jbaker15/style-rl/myenv/lib64/python3.9/site-packages/transformers/models/clip/image_processing_clip.py", line 21, in <module>
    from ...image_processing_utils import BaseImageProcessor, BatchFeature, get_size_dict
  File "/umbc/rs/pi_donengel/users/jbaker15/style-rl/myenv/lib64/python3.9/site-packages/transformers/image_processing_utils.py", line 21, in <module>
    from .image_transforms import center_crop, normalize, rescale
  File "/umbc/rs/pi_donengel/users/jbaker15/style-rl/myenv/lib64/python3.9/site-packages/transformers/image_transforms.py", line 22, in <module>
    from .image_utils import (
  File "/umbc/rs/pi_donengel/users/jbaker15/style-rl/myenv/lib64/python3.9/site-packages/transformers/image_utils.py", line 58, in <module>
    from torchvision.transforms import InterpolationMode
  File "/umbc/rs/pi_donengel/users/jbaker15/style-rl/myenv/lib64/python3.9/site-packages/torchvision/__init__.py", line 10, in <module>
    from torchvision import _meta_registrations, datasets, io, models, ops, transforms, utils  # usort:skip
  File "/umbc/rs/pi_donengel/users/jbaker15/style-rl/myenv/lib64/python3.9/site-packages/torchvision/_meta_registrations.py", line 164, in <module>
    def meta_nms(dets, scores, iou_threshold):
  File "/umbc/rs/pi_donengel/users/jbaker15/style-rl/myenv/lib64/python3.9/site-packages/torch/library.py", line 828, in register
    use_lib._register_fake(op_name, func, _stacklevel=stacklevel + 1)
  File "/umbc/rs/pi_donengel/users/jbaker15/style-rl/myenv/lib64/python3.9/site-packages/torch/library.py", line 198, in _register_fake
    handle = entry.fake_impl.register(func_to_register, source)
  File "/umbc/rs/pi_donengel/users/jbaker15/style-rl/myenv/lib64/python3.9/site-packages/torch/_library/fake_impl.py", line 31, in register
    if torch._C._dispatch_has_kernel_for_dispatch_key(self.qualname, "Meta"):
RuntimeError: operator torchvision::nms does not exist

The above exception was the direct cause of the following exception:

Traceback (most recent call last):
  File "/umbc/rs/pi_donengel/users/jbaker15/style-rl/myenv/lib64/python3.9/site-packages/diffusers/utils/import_utils.py", line 808, in _get_module
    return importlib.import_module("." + module_name, self.__name__)
  File "/usr/lib64/python3.9/importlib/__init__.py", line 127, in import_module
    return _bootstrap._gcd_import(name[level:], package, level)
  File "<frozen importlib._bootstrap>", line 1030, in _gcd_import
  File "<frozen importlib._bootstrap>", line 1007, in _find_and_load
  File "<frozen importlib._bootstrap>", line 986, in _find_and_load_unlocked
  File "<frozen importlib._bootstrap>", line 680, in _load_unlocked
  File "<frozen importlib._bootstrap_external>", line 850, in exec_module
  File "<frozen importlib._bootstrap>", line 228, in _call_with_frames_removed
  File "/umbc/rs/pi_donengel/users/jbaker15/style-rl/myenv/lib64/python3.9/site-packages/diffusers/pipelines/stable_diffusion/pipeline_stable_diffusion.py", line 19, in <module>
    from transformers import CLIPImageProcessor, CLIPTextModel, CLIPTokenizer, CLIPVisionModelWithProjection
  File "<frozen importlib._bootstrap>", line 1055, in _handle_fromlist
  File "/umbc/rs/pi_donengel/users/jbaker15/style-rl/myenv/lib64/python3.9/site-packages/transformers/utils/import_utils.py", line 1767, in __getattr__
    value = getattr(module, name)
  File "/umbc/rs/pi_donengel/users/jbaker15/style-rl/myenv/lib64/python3.9/site-packages/transformers/utils/import_utils.py", line 1766, in __getattr__
    module = self._get_module(self._class_to_module[name])
  File "/umbc/rs/pi_donengel/users/jbaker15/style-rl/myenv/lib64/python3.9/site-packages/transformers/utils/import_utils.py", line 1780, in _get_module
    raise RuntimeError(
RuntimeError: Failed to import transformers.models.clip.image_processing_clip because of the following error (look up to see its traceback):
operator torchvision::nms does not exist

The above exception was the direct cause of the following exception:

Traceback (most recent call last):
  File "/umbc/rs/pi_donengel/users/jbaker15/style-rl/main_seg.py", line 10, in <module>
    from diffusers import StableDiffusionPipeline
  File "<frozen importlib._bootstrap>", line 1055, in _handle_fromlist
  File "/umbc/rs/pi_donengel/users/jbaker15/style-rl/myenv/lib64/python3.9/site-packages/diffusers/utils/import_utils.py", line 799, in __getattr__
    value = getattr(module, name)
  File "/umbc/rs/pi_donengel/users/jbaker15/style-rl/myenv/lib64/python3.9/site-packages/diffusers/utils/import_utils.py", line 799, in __getattr__
    value = getattr(module, name)
  File "/umbc/rs/pi_donengel/users/jbaker15/style-rl/myenv/lib64/python3.9/site-packages/diffusers/utils/import_utils.py", line 798, in __getattr__
    module = self._get_module(self._class_to_module[name])
  File "/umbc/rs/pi_donengel/users/jbaker15/style-rl/myenv/lib64/python3.9/site-packages/diffusers/utils/import_utils.py", line 810, in _get_module
    raise RuntimeError(
RuntimeError: Failed to import diffusers.pipelines.stable_diffusion.pipeline_stable_diffusion because of the following error (look up to see its traceback):
Failed to import transformers.models.clip.image_processing_clip because of the following error (look up to see its traceback):
operator torchvision::nms does not exist
srun: error: g20-09: task 0: Exited with exit code 1
